<?xml version="1.0" encoding="UTF-8"?>
<!-- Generated by org.testng.reporters.JUnitReportReporter -->
<testsuite hostname="Prafulla-PC" name="com.google.test.NewsPageTest" tests="2" failures="0" timestamp="4 Nov 2019 22:03:07 GMT" time="43.069" errors="0">
  <testcase name="verifyBottomMessageTest" time="13.453" classname="com.google.test.NewsPageTest"/>
  <testcase name="verifyBottomNameTest" time="29.616" classname="com.google.test.NewsPageTest"/>
</testsuite> <!-- com.google.test.NewsPageTest -->
