<?xml version="1.0" encoding="UTF-8"?>
<!-- Generated by org.testng.reporters.JUnitReportReporter -->
<testsuite hostname="Prafulla-PC" name="com.amazon.test.GoogleSecondPageTest" tests="1" failures="0" timestamp="31 Oct 2019 00:01:18 GMT" time="20.191" errors="0">
  <testcase name="verifySecondPageStatusTest" time="20.191" classname="com.amazon.test.GoogleSecondPageTest"/>
</testsuite> <!-- com.amazon.test.GoogleSecondPageTest -->
