<?xml version="1.0" encoding="UTF-8"?>
<!-- Generated by org.testng.reporters.JUnitReportReporter -->
<testsuite hostname="Prafulla-PC" name="com.amazon.test.NewsPageTest" tests="2" failures="0" timestamp="3 Nov 2019 15:08:25 GMT" time="27.336" errors="0">
  <testcase name="verifyBottomNameTest" time="10.640" classname="com.amazon.test.NewsPageTest"/>
  <testcase name="verifyBottomMessageTest" time="16.696" classname="com.amazon.test.NewsPageTest"/>
</testsuite> <!-- com.amazon.test.NewsPageTest -->
