<?xml version="1.0" encoding="UTF-8"?>
<!-- Generated by org.testng.reporters.JUnitReportReporter -->
<testsuite hostname="Prafulla-PC" name="com.amazon.test.LoginTest" tests="3" failures="0" timestamp="30 Oct 2019 15:22:01 GMT" time="68.186" errors="0">
  <testcase name="loginTitle" time="27.915" classname="com.amazon.test.LoginTest"/>
  <testcase name="searchSubmit" time="22.592" classname="com.amazon.test.LoginTest"/>
  <testcase name="logoTest" time="17.679" classname="com.amazon.test.LoginTest"/>
</testsuite> <!-- com.amazon.test.LoginTest -->
