<?xml version="1.0" encoding="UTF-8"?>
<!-- Generated by org.testng.reporters.JUnitReportReporter -->
<testsuite hostname="Prafulla-PC" name="com.amazon.test.imagePageTest" tests="2" failures="0" timestamp="3 Nov 2019 13:00:38 GMT" time="36.357" errors="0">
  <testcase name="verifyCameraImgaeTest" time="23.271" classname="com.amazon.test.imagePageTest"/>
  <testcase name="verifyCollectionTabVisibleTest" time="13.086" classname="com.amazon.test.imagePageTest"/>
</testsuite> <!-- com.amazon.test.imagePageTest -->
